 
****************************************
Report : clocks
Design : SYS_TOP
Version: K-2015.06
Date   : Mon Sep 29 19:45:02 2025
****************************************

Attributes:
    d - dont_touch_network
    f - fix_hold
    p - propagated_clock
    G - generated_clock
    g - lib_generated_clock

Clock          Period   Waveform            Attrs     Sources
--------------------------------------------------------------------------------
ALU_CLK         10.00   {0 5}               G d       {clk_gate_inst/GATED_CLK}
REF_CLK         10.00   {0 5}               d         {REF_CLK}
RX_CLK         271.00   {0 135}             G d       {ClkDiv_RX_inst/o_div_clk}
TX_CLK        8672.00   {0 4336}            G d       {ClkDiv_TX_inst/o_div_clk}
UART_CLK       271.00   {0 135}             d         {UART_CLK}
--------------------------------------------------------------------------------

Generated     Master         Generated      Master         Waveform
Clock         Source         Source         Clock          Modification
--------------------------------------------------------------------------------
ALU_CLK       REF_CLK        {clk_gate_inst/GATED_CLK}
                                            REF_CLK        divide_by(1)
RX_CLK        UART_CLK       {ClkDiv_RX_inst/o_div_clk}
                                            UART_CLK       divide_by(1)
TX_CLK        UART_CLK       {ClkDiv_TX_inst/o_div_clk}
                                            UART_CLK       divide_by(32)
--------------------------------------------------------------------------------
1
